#
# There is insufficient memory for the Java Runtime Environment to continue.
# Native memory allocation (malloc) failed to allocate 1020256 bytes for Chunk::new
# Possible reasons:
#   The system is out of physical RAM or swap space
#   The process is running with CompressedOops enabled, and the Java Heap may be blocking the growth of the native heap
# Possible solutions:
#   Reduce memory load on the system
#   Increase physical memory or swap space
#   Check if swap backing store is full
#   Decrease Java heap size (-Xmx/-Xms)
#   Decrease number of Java threads
#   Decrease Java thread stack sizes (-Xss)
#   Set larger code cache with -XX:ReservedCodeCacheSize=
#   JVM is running with Unscaled Compressed Oops mode in which the Java heap is
#     placed in the first 4GB address space. The Java Heap base address is the
#     maximum limit for the native heap growth. Please use -XX:HeapBaseMinAddress
#     to set the Java Heap base and to place the Java Heap above 4GB virtual address.
# This output file may be truncated or incomplete.
#
#  Out of Memory Error (./src/hotspot/share/memory/arena.cpp:197), pid=17140, tid=18644
#
# JRE version: OpenJDK Runtime Environment Temurin-11.0.13+8 (11.0.13+8) (build 11.0.13+8)
# Java VM: OpenJDK 64-Bit Server VM Temurin-11.0.13+8 (11.0.13+8, mixed mode, tiered, compressed oops, g1 gc, windows-amd64)
# No core dump will be written. Minidumps are not enabled by default on client versions of Windows
#

---------------  S U M M A R Y ------------

Command Line: -Dosgi.requiredJavaVersion=11 -Dosgi.dataAreaRequiresExplicitInit=true -Dorg.eclipse.swt.graphics.Resource.reportNonDisposed=true -Xms40m -Xmx512m --add-modules=ALL-SYSTEM 

Host: Intel(R) Core(TM) i7-9750H CPU @ 2.60GHz, 12 cores, 15G,  Windows 10 , 64 bit Build 22621 (10.0.22621.3235)
Time: Thu Mar 28 15:36:57 2024 Egypt Standard Time elapsed time: 4.754496 seconds (0d 0h 0m 4s)

---------------  T H R E A D  ---------------

Current thread (0x000001f79e777000):  JavaThread "C2 CompilerThread2" daemon [_thread_in_native, id=18644, stack(0x00000096ffc00000,0x00000096ffd00000)]


Current CompileTask:
C2:   4754 5451   !   4       org.eclipse.osgi.internal.loader.classpath.ClasspathManager::defineClass (636 bytes)

Stack: [0x00000096ffc00000,0x00000096ffd00000]
Native frames: (J=compiled Java code, j=interpreted, Vv=VM code, C=native code)
V  [jvm.dll+0x61cc7a]
V  [jvm.dll+0x7a8fd9]
V  [jvm.dll+0x7aa69f]
V  [jvm.dll+0x7aad73]
V  [jvm.dll+0x24f808]
V  [jvm.dll+0xc260c]
V  [jvm.dll+0xc2bcc]
V  [jvm.dll+0x2c1644]
V  [jvm.dll+0x52beb9]
V  [jvm.dll+0x210dcd]
V  [jvm.dll+0x20aab4]
V  [jvm.dll+0x207a5b]
V  [jvm.dll+0x18a011]
V  [jvm.dll+0x217599]
V  [jvm.dll+0x21578b]
V  [jvm.dll+0x76ba50]
V  [jvm.dll+0x7649d4]
V  [jvm.dll+0x61bb16]
C  [ucrtbase.dll+0x29363]
C  [KERNEL32.DLL+0x1257d]
C  [ntdll.dll+0x5aa58]


---------------  P R O C E S S  ---------------

Threads class SMR info:
_java_thread_list=0x000001f7a47a13c0, length=27, elements={
0x000001f783f74800, 0x000001f79d8ff800, 0x000001f79d92f000, 0x000001f79d94b800,
0x000001f79d94c800, 0x000001f79d94d800, 0x000001f79d954000, 0x000001f79d957000,
0x000001f79d95a000, 0x000001f79d8d3800, 0x000001f79e43e000, 0x000001f79e777000,
0x000001f79e6ed000, 0x000001f79e6ea800, 0x000001f79e6e8800, 0x000001f79e6ec800,
0x000001f79e6ef000, 0x000001f79e6ea000, 0x000001f79e6ee000, 0x000001f79e6e9000,
0x000001f79e6eb800, 0x000001f7a1003800, 0x000001f7a0fff800, 0x000001f7a0ffe000,
0x000001f7a1002000, 0x000001f7a1000800, 0x000001f7a1004800
}

Java Threads: ( => current thread )
  0x000001f783f74800 JavaThread "main" [_thread_blocked, id=7492, stack(0x00000096fe480000,0x00000096fe580000)]
  0x000001f79d8ff800 JavaThread "Reference Handler" daemon [_thread_blocked, id=19112, stack(0x00000096ff100000,0x00000096ff200000)]
  0x000001f79d92f000 JavaThread "Finalizer" daemon [_thread_blocked, id=20892, stack(0x00000096ff200000,0x00000096ff300000)]
  0x000001f79d94b800 JavaThread "Signal Dispatcher" daemon [_thread_blocked, id=23888, stack(0x00000096ff300000,0x00000096ff400000)]
  0x000001f79d94c800 JavaThread "Attach Listener" daemon [_thread_blocked, id=23484, stack(0x00000096ff400000,0x00000096ff500000)]
  0x000001f79d94d800 JavaThread "Service Thread" daemon [_thread_blocked, id=20424, stack(0x00000096ff500000,0x00000096ff600000)]
  0x000001f79d954000 JavaThread "C2 CompilerThread0" daemon [_thread_in_native, id=7576, stack(0x00000096ff600000,0x00000096ff700000)]
  0x000001f79d957000 JavaThread "C1 CompilerThread0" daemon [_thread_blocked, id=16136, stack(0x00000096ff700000,0x00000096ff800000)]
  0x000001f79d95a000 JavaThread "Sweeper thread" daemon [_thread_blocked, id=2784, stack(0x00000096ff800000,0x00000096ff900000)]
  0x000001f79d8d3800 JavaThread "Common-Cleaner" daemon [_thread_blocked, id=5760, stack(0x00000096ff900000,0x00000096ffa00000)]
  0x000001f79e43e000 JavaThread "C2 CompilerThread1" daemon [_thread_in_native, id=11044, stack(0x00000096ffa00000,0x00000096ffb00000)]
=>0x000001f79e777000 JavaThread "C2 CompilerThread2" daemon [_thread_in_native, id=18644, stack(0x00000096ffc00000,0x00000096ffd00000)]
  0x000001f79e6ed000 JavaThread "Active Thread: Equinox Container: 42c630ff-475d-4654-9a17-d18a283f3dc2" [_thread_blocked, id=23020, stack(0x00000096ffe00000,0x00000096fff00000)]
  0x000001f79e6ea800 JavaThread "Framework Event Dispatcher: Equinox Container: 42c630ff-475d-4654-9a17-d18a283f3dc2" daemon [_thread_blocked, id=2284, stack(0x0000009680400000,0x0000009680500000)]
  0x000001f79e6e8800 JavaThread "Start Level: Equinox Container: 42c630ff-475d-4654-9a17-d18a283f3dc2" daemon [_thread_blocked, id=13836, stack(0x0000009680500000,0x0000009680600000)]
  0x000001f79e6ec800 JavaThread "SCR Component Actor" daemon [_thread_blocked, id=16764, stack(0x0000009680600000,0x0000009680700000)]
  0x000001f79e6ef000 JavaThread "Timer-0" daemon [_thread_blocked, id=22856, stack(0x0000009680700000,0x0000009680800000)]
  0x000001f79e6ea000 JavaThread "EMF Reference Cleaner" daemon [_thread_blocked, id=20740, stack(0x0000009680800000,0x0000009680900000)]
  0x000001f79e6ee000 JavaThread "Worker-JM" [_thread_blocked, id=1948, stack(0x0000009680900000,0x0000009680a00000)]
  0x000001f79e6e9000 JavaThread "Gogo shell" [_thread_blocked, id=13672, stack(0x0000009680e00000,0x0000009680f00000)]
  0x000001f79e6eb800 JavaThread "Worker-0" [_thread_blocked, id=24400, stack(0x0000009680f00000,0x0000009681000000)]
  0x000001f7a1003800 JavaThread "Git Repository Closer" daemon [_thread_blocked, id=4784, stack(0x0000009681400000,0x0000009681500000)]
  0x000001f7a0fff800 JavaThread "Worker-1: Running deferred IDE operations" [_thread_blocked, id=13972, stack(0x0000009681500000,0x0000009681600000)]
  0x000001f7a0ffe000 JavaThread "Worker-2: Sending build events with disabled autobuild" [_thread_in_Java, id=4492, stack(0x0000009681600000,0x0000009681700000)]
  0x000001f7a1002000 JavaThread "Bundle File Closer" daemon [_thread_blocked, id=19248, stack(0x0000009681700000,0x0000009681800000)]
  0x000001f7a1000800 JavaThread "Worker-3" [_thread_blocked, id=17328, stack(0x0000009681800000,0x0000009681900000)]
  0x000001f7a1004800 JavaThread "xpcom dispose thread" daemon [_thread_blocked, id=14600, stack(0x0000009681900000,0x0000009681a00000)]

Other Threads:
  0x000001f79d8fc000 VMThread "VM Thread" [stack: 0x00000096ff000000,0x00000096ff100000] [id=24084]
  0x000001f79e4e4000 WatcherThread [stack: 0x00000096ffb00000,0x00000096ffc00000] [id=13832]
  0x000001f783f8c000 GCTaskThread "GC Thread#0" [stack: 0x00000096feb00000,0x00000096fec00000] [id=19356]
  0x000001f79e917800 GCTaskThread "GC Thread#1" [stack: 0x00000096ffd00000,0x00000096ffe00000] [id=11600]
  0x000001f79ea57000 GCTaskThread "GC Thread#2" [stack: 0x00000096fff00000,0x0000009700000000] [id=3404]
  0x000001f7a0802000 GCTaskThread "GC Thread#3" [stack: 0x0000009680000000,0x0000009680100000] [id=15956]
  0x000001f79f1fc000 GCTaskThread "GC Thread#4" [stack: 0x0000009680a00000,0x0000009680b00000] [id=636]
  0x000001f7a0c17800 GCTaskThread "GC Thread#5" [stack: 0x0000009680b00000,0x0000009680c00000] [id=19800]
  0x000001f79f561800 GCTaskThread "GC Thread#6" [stack: 0x0000009681000000,0x0000009681100000] [id=4052]
  0x000001f7a1547000 GCTaskThread "GC Thread#7" [stack: 0x0000009681100000,0x0000009681200000] [id=17168]
  0x000001f7a15f6800 GCTaskThread "GC Thread#8" [stack: 0x0000009681200000,0x0000009681300000] [id=5100]
  0x000001f79fa6a000 GCTaskThread "GC Thread#9" [stack: 0x0000009681300000,0x0000009681400000] [id=9760]
  0x000001f783f9c800 ConcurrentGCThread "G1 Main Marker" [stack: 0x00000096fec00000,0x00000096fed00000] [id=8152]
  0x000001f783f9f800 ConcurrentGCThread "G1 Conc#0" [stack: 0x00000096fed00000,0x00000096fee00000] [id=13276]
  0x000001f79f26a000 ConcurrentGCThread "G1 Conc#1" [stack: 0x0000009680c00000,0x0000009680d00000] [id=10624]
  0x000001f79f26b000 ConcurrentGCThread "G1 Conc#2" [stack: 0x0000009680d00000,0x0000009680e00000] [id=20520]
  0x000001f783fff800 ConcurrentGCThread "G1 Refine#0" [stack: 0x00000096fee00000,0x00000096fef00000] [id=12624]
  0x000001f79f2d5000 ConcurrentGCThread "G1 Refine#1" [stack: 0x0000009680100000,0x0000009680200000] [id=16516]
  0x000001f79f2fa800 ConcurrentGCThread "G1 Refine#2" [stack: 0x0000009680200000,0x0000009680300000] [id=10984]
  0x000001f7a085e800 ConcurrentGCThread "G1 Refine#3" [stack: 0x0000009680300000,0x0000009680400000] [id=3748]
  0x000001f784001800 ConcurrentGCThread "G1 Young RemSet Sampling" [stack: 0x00000096fef00000,0x00000096ff000000] [id=8644]

Threads with active compile tasks:
C2 CompilerThread0   4778 5667       4       java.util.regex.Pattern::atom (422 bytes)
C2 CompilerThread1   4778 4827   !   4       org.eclipse.osgi.internal.loader.classpath.ClasspathManager::findLocalClass (210 bytes)
C2 CompilerThread2   4778 5451   !   4       org.eclipse.osgi.internal.loader.classpath.ClasspathManager::defineClass (636 bytes)

VM state:not at safepoint (normal execution)

VM Mutex/Monitor currently owned by a thread: None

Heap address: 0x00000000e0000000, size: 512 MB, Compressed Oops mode: 32-bit
Narrow klass base: 0x0000000000000000, Narrow klass shift: 3
Compressed class space size: 1073741824 Address: 0x0000000100000000

Heap:
 garbage-first heap   total 157696K, used 106317K [0x00000000e0000000, 0x0000000100000000)
  region size 1024K, 40 young (40960K), 5 survivors (5120K)
 Metaspace       used 41352K, capacity 45783K, committed 46080K, reserved 1089536K
  class space    used 4171K, capacity 5574K, committed 5632K, reserved 1048576K
Heap Regions: E=young(eden), S=young(survivor), O=old, HS=humongous(starts), HC=humongous(continues), CS=collection set, F=free, A=archive, TAMS=top-at-mark-start (previous, next)
|   0|0x00000000e0000000, 0x00000000e0100000, 0x00000000e0100000|100%| O|  |TAMS 0x00000000e0100000, 0x00000000e0000000| Untracked 
|   1|0x00000000e0100000, 0x00000000e0200000, 0x00000000e0200000|100%| O|  |TAMS 0x00000000e0200000, 0x00000000e0100000| Untracked 
|   2|0x00000000e0200000, 0x00000000e0300000, 0x00000000e0300000|100%| O|  |TAMS 0x00000000e0300000, 0x00000000e0200000| Untracked 
|   3|0x00000000e0300000, 0x00000000e0400000, 0x00000000e0400000|100%| O|  |TAMS 0x00000000e0400000, 0x00000000e0300000| Untracked 
|   4|0x00000000e0400000, 0x00000000e0500000, 0x00000000e0500000|100%| O|  |TAMS 0x00000000e0500000, 0x00000000e0400000| Untracked 
|   5|0x00000000e0500000, 0x00000000e0600000, 0x00000000e0600000|100%| O|  |TAMS 0x00000000e0600000, 0x00000000e0500000| Untracked 
|   6|0x00000000e0600000, 0x00000000e0700000, 0x00000000e0700000|100%| O|  |TAMS 0x00000000e0700000, 0x00000000e0600000| Untracked 
|   7|0x00000000e0700000, 0x00000000e0800000, 0x00000000e0800000|100%| O|  |TAMS 0x00000000e0800000, 0x00000000e0700000| Untracked 
|   8|0x00000000e0800000, 0x00000000e0900000, 0x00000000e0900000|100%| O|  |TAMS 0x00000000e0900000, 0x00000000e0800000| Untracked 
|   9|0x00000000e0900000, 0x00000000e0a00000, 0x00000000e0a00000|100%| O|  |TAMS 0x00000000e0a00000, 0x00000000e0900000| Untracked 
|  10|0x00000000e0a00000, 0x00000000e0b00000, 0x00000000e0b00000|100%| O|  |TAMS 0x00000000e0a00000, 0x00000000e0a00000| Untracked 
|  11|0x00000000e0b00000, 0x00000000e0c00000, 0x00000000e0c00000|100%| O|  |TAMS 0x00000000e0c00000, 0x00000000e0b00000| Untracked 
|  12|0x00000000e0c00000, 0x00000000e0d00000, 0x00000000e0d00000|100%| O|  |TAMS 0x00000000e0d00000, 0x00000000e0c00000| Untracked 
|  13|0x00000000e0d00000, 0x00000000e0e00000, 0x00000000e0e00000|100%| O|  |TAMS 0x00000000e0e00000, 0x00000000e0d00000| Untracked 
|  14|0x00000000e0e00000, 0x00000000e0f00000, 0x00000000e0f00000|100%| O|  |TAMS 0x00000000e0f00000, 0x00000000e0e00000| Untracked 
|  15|0x00000000e0f00000, 0x00000000e1000000, 0x00000000e1000000|100%|HS|  |TAMS 0x00000000e1000000, 0x00000000e0f00000| Complete 
|  16|0x00000000e1000000, 0x00000000e1100000, 0x00000000e1100000|100%| O|  |TAMS 0x00000000e1000000, 0x00000000e1000000| Untracked 
|  17|0x00000000e1100000, 0x00000000e1200000, 0x00000000e1200000|100%| O|  |TAMS 0x00000000e1200000, 0x00000000e1100000| Untracked 
|  18|0x00000000e1200000, 0x00000000e1300000, 0x00000000e1300000|100%| O|  |TAMS 0x00000000e126e200, 0x00000000e1200000| Untracked 
|  19|0x00000000e1300000, 0x00000000e1400000, 0x00000000e1400000|100%| O|  |TAMS 0x00000000e1400000, 0x00000000e1300000| Untracked 
|  20|0x00000000e1400000, 0x00000000e1500000, 0x00000000e1500000|100%| O|  |TAMS 0x00000000e1500000, 0x00000000e1400000| Untracked 
|  21|0x00000000e1500000, 0x00000000e1600000, 0x00000000e1600000|100%| O|  |TAMS 0x00000000e1600000, 0x00000000e1500000| Untracked 
|  22|0x00000000e1600000, 0x00000000e1700000, 0x00000000e1700000|100%| O|  |TAMS 0x00000000e1700000, 0x00000000e1600000| Untracked 
|  23|0x00000000e1700000, 0x00000000e1800000, 0x00000000e1800000|100%| O|  |TAMS 0x00000000e1800000, 0x00000000e1700000| Untracked 
|  24|0x00000000e1800000, 0x00000000e1900000, 0x00000000e1900000|100%| O|  |TAMS 0x00000000e1800000, 0x00000000e1800000| Untracked 
|  25|0x00000000e1900000, 0x00000000e1a00000, 0x00000000e1a00000|100%| O|  |TAMS 0x00000000e1900000, 0x00000000e1900000| Untracked 
|  26|0x00000000e1a00000, 0x00000000e1b00000, 0x00000000e1b00000|100%| O|  |TAMS 0x00000000e1b00000, 0x00000000e1a00000| Untracked 
|  27|0x00000000e1b00000, 0x00000000e1c00000, 0x00000000e1c00000|100%| O|  |TAMS 0x00000000e1b00000, 0x00000000e1b00000| Untracked 
|  28|0x00000000e1c00000, 0x00000000e1d00000, 0x00000000e1d00000|100%| O|  |TAMS 0x00000000e1d00000, 0x00000000e1c00000| Untracked 
|  29|0x00000000e1d00000, 0x00000000e1e00000, 0x00000000e1e00000|100%| O|  |TAMS 0x00000000e1e00000, 0x00000000e1d00000| Untracked 
|  30|0x00000000e1e00000, 0x00000000e1f00000, 0x00000000e1f00000|100%| O|  |TAMS 0x00000000e1f00000, 0x00000000e1e00000| Untracked 
|  31|0x00000000e1f00000, 0x00000000e2000000, 0x00000000e2000000|100%| O|  |TAMS 0x00000000e2000000, 0x00000000e1f00000| Untracked 
|  32|0x00000000e2000000, 0x00000000e2100000, 0x00000000e2100000|100%| O|  |TAMS 0x00000000e2100000, 0x00000000e2000000| Untracked 
|  33|0x00000000e2100000, 0x00000000e2200000, 0x00000000e2200000|100%| O|  |TAMS 0x00000000e2200000, 0x00000000e2100000| Untracked 
|  34|0x00000000e2200000, 0x00000000e2300000, 0x00000000e2300000|100%| O|  |TAMS 0x00000000e2300000, 0x00000000e2200000| Untracked 
|  35|0x00000000e2300000, 0x00000000e2400000, 0x00000000e2400000|100%| O|  |TAMS 0x00000000e2400000, 0x00000000e2300000| Untracked 
|  36|0x00000000e2400000, 0x00000000e2500000, 0x00000000e2500000|100%| O|  |TAMS 0x00000000e2400000, 0x00000000e2400000| Untracked 
|  37|0x00000000e2500000, 0x00000000e2600000, 0x00000000e2600000|100%| O|  |TAMS 0x00000000e2500000, 0x00000000e2500000| Untracked 
|  38|0x00000000e2600000, 0x00000000e2700000, 0x00000000e2700000|100%| O|  |TAMS 0x00000000e2600000, 0x00000000e2600000| Untracked 
|  39|0x00000000e2700000, 0x00000000e2800000, 0x00000000e2800000|100%| O|  |TAMS 0x00000000e2700000, 0x00000000e2700000| Untracked 
|  40|0x00000000e2800000, 0x00000000e2900000, 0x00000000e2900000|100%| O|  |TAMS 0x00000000e2800000, 0x00000000e2800000| Untracked 
|  41|0x00000000e2900000, 0x00000000e2a00000, 0x00000000e2a00000|100%| O|  |TAMS 0x00000000e2900000, 0x00000000e2900000| Untracked 
|  42|0x00000000e2a00000, 0x00000000e2b00000, 0x00000000e2b00000|100%| O|  |TAMS 0x00000000e2a00000, 0x00000000e2a00000| Untracked 
|  43|0x00000000e2b00000, 0x00000000e2c00000, 0x00000000e2c00000|100%| O|  |TAMS 0x00000000e2b00000, 0x00000000e2b00000| Untracked 
|  44|0x00000000e2c00000, 0x00000000e2d00000, 0x00000000e2d00000|100%| O|  |TAMS 0x00000000e2c00000, 0x00000000e2c00000| Untracked 
|  45|0x00000000e2d00000, 0x00000000e2e00000, 0x00000000e2e00000|100%| O|  |TAMS 0x00000000e2d00000, 0x00000000e2d00000| Untracked 
|  46|0x00000000e2e00000, 0x00000000e2f00000, 0x00000000e2f00000|100%| O|  |TAMS 0x00000000e2e00000, 0x00000000e2e00000| Untracked 
|  47|0x00000000e2f00000, 0x00000000e3000000, 0x00000000e3000000|100%| O|  |TAMS 0x00000000e2f00000, 0x00000000e2f00000| Untracked 
|  48|0x00000000e3000000, 0x00000000e3100000, 0x00000000e3100000|100%| O|  |TAMS 0x00000000e3000000, 0x00000000e3000000| Untracked 
|  49|0x00000000e3100000, 0x00000000e3200000, 0x00000000e3200000|100%| O|  |TAMS 0x00000000e3100000, 0x00000000e3100000| Untracked 
|  50|0x00000000e3200000, 0x00000000e3300000, 0x00000000e3300000|100%| O|  |TAMS 0x00000000e3200000, 0x00000000e3200000| Untracked 
|  51|0x00000000e3300000, 0x00000000e3400000, 0x00000000e3400000|100%| O|  |TAMS 0x00000000e3300000, 0x00000000e3300000| Untracked 
|  52|0x00000000e3400000, 0x00000000e3500000, 0x00000000e3500000|100%| O|  |TAMS 0x00000000e3400000, 0x00000000e3400000| Untracked 
|  53|0x00000000e3500000, 0x00000000e3600000, 0x00000000e3600000|100%| O|  |TAMS 0x00000000e3500000, 0x00000000e3500000| Untracked 
|  54|0x00000000e3600000, 0x00000000e3700000, 0x00000000e3700000|100%| O|  |TAMS 0x00000000e3600000, 0x00000000e3600000| Untracked 
|  55|0x00000000e3700000, 0x00000000e3800000, 0x00000000e3800000|100%| O|  |TAMS 0x00000000e3700000, 0x00000000e3700000| Untracked 
|  56|0x00000000e3800000, 0x00000000e3900000, 0x00000000e3900000|100%| O|  |TAMS 0x00000000e3800000, 0x00000000e3800000| Untracked 
|  57|0x00000000e3900000, 0x00000000e3a00000, 0x00000000e3a00000|100%| O|  |TAMS 0x00000000e3900000, 0x00000000e3900000| Untracked 
|  58|0x00000000e3a00000, 0x00000000e3b00000, 0x00000000e3b00000|100%| O|  |TAMS 0x00000000e3a00000, 0x00000000e3a00000| Untracked 
|  59|0x00000000e3b00000, 0x00000000e3c00000, 0x00000000e3c00000|100%|HS|  |TAMS 0x00000000e3b00000, 0x00000000e3b00000| Complete 
|  60|0x00000000e3c00000, 0x00000000e3d00000, 0x00000000e3d00000|100%| O|  |TAMS 0x00000000e3c00000, 0x00000000e3c00000| Untracked 
|  61|0x00000000e3d00000, 0x00000000e3e00000, 0x00000000e3e00000|100%| O|  |TAMS 0x00000000e3d00000, 0x00000000e3d00000| Untracked 
|  62|0x00000000e3e00000, 0x00000000e3f00000, 0x00000000e3f00000|100%| O|  |TAMS 0x00000000e3e00000, 0x00000000e3e00000| Untracked 
|  63|0x00000000e3f00000, 0x00000000e4000000, 0x00000000e4000000|100%| O|  |TAMS 0x00000000e3f00000, 0x00000000e3f00000| Untracked 
|  64|0x00000000e4000000, 0x00000000e4100000, 0x00000000e4100000|100%| O|  |TAMS 0x00000000e4000000, 0x00000000e4000000| Untracked 
|  65|0x00000000e4100000, 0x00000000e41d3600, 0x00000000e4200000| 82%| O|  |TAMS 0x00000000e4100000, 0x00000000e4100000| Untracked 
|  66|0x00000000e4200000, 0x00000000e4200000, 0x00000000e4300000|  0%| F|  |TAMS 0x00000000e4200000, 0x00000000e4200000| Untracked 
|  67|0x00000000e4300000, 0x00000000e4300000, 0x00000000e4400000|  0%| F|  |TAMS 0x00000000e4300000, 0x00000000e4300000| Untracked 
|  68|0x00000000e4400000, 0x00000000e4400000, 0x00000000e4500000|  0%| F|  |TAMS 0x00000000e4400000, 0x00000000e4400000| Untracked 
|  69|0x00000000e4500000, 0x00000000e4500000, 0x00000000e4600000|  0%| F|  |TAMS 0x00000000e4500000, 0x00000000e4500000| Untracked 
|  70|0x00000000e4600000, 0x00000000e4600000, 0x00000000e4700000|  0%| F|  |TAMS 0x00000000e4600000, 0x00000000e4600000| Untracked 
|  71|0x00000000e4700000, 0x00000000e4700000, 0x00000000e4800000|  0%| F|  |TAMS 0x00000000e4700000, 0x00000000e4700000| Untracked 
|  72|0x00000000e4800000, 0x00000000e4800000, 0x00000000e4900000|  0%| F|  |TAMS 0x00000000e4800000, 0x00000000e4800000| Untracked 
|  73|0x00000000e4900000, 0x00000000e4900000, 0x00000000e4a00000|  0%| F|  |TAMS 0x00000000e4900000, 0x00000000e4900000| Untracked 
|  74|0x00000000e4a00000, 0x00000000e4a00000, 0x00000000e4b00000|  0%| F|  |TAMS 0x00000000e4a00000, 0x00000000e4a00000| Untracked 
|  75|0x00000000e4b00000, 0x00000000e4b00000, 0x00000000e4c00000|  0%| F|  |TAMS 0x00000000e4b00000, 0x00000000e4b00000| Untracked 
|  76|0x00000000e4c00000, 0x00000000e4c00000, 0x00000000e4d00000|  0%| F|  |TAMS 0x00000000e4c00000, 0x00000000e4c00000| Untracked 
|  77|0x00000000e4d00000, 0x00000000e4d00000, 0x00000000e4e00000|  0%| F|  |TAMS 0x00000000e4d00000, 0x00000000e4d00000| Untracked 
|  78|0x00000000e4e00000, 0x00000000e4e00000, 0x00000000e4f00000|  0%| F|  |TAMS 0x00000000e4e00000, 0x00000000e4e00000| Untracked 
|  79|0x00000000e4f00000, 0x00000000e4f00000, 0x00000000e5000000|  0%| F|  |TAMS 0x00000000e4f00000, 0x00000000e4f00000| Untracked 
|  80|0x00000000e5000000, 0x00000000e5000000, 0x00000000e5100000|  0%| F|  |TAMS 0x00000000e5000000, 0x00000000e5000000| Untracked 
|  81|0x00000000e5100000, 0x00000000e5100000, 0x00000000e5200000|  0%| F|  |TAMS 0x00000000e5100000, 0x00000000e5100000| Untracked 
|  82|0x00000000e5200000, 0x00000000e5200000, 0x00000000e5300000|  0%| F|  |TAMS 0x00000000e5200000, 0x00000000e5200000| Untracked 
|  83|0x00000000e5300000, 0x00000000e5300000, 0x00000000e5400000|  0%| F|  |TAMS 0x00000000e5300000, 0x00000000e5300000| Untracked 
|  84|0x00000000e5400000, 0x00000000e5400000, 0x00000000e5500000|  0%| F|  |TAMS 0x00000000e5400000, 0x00000000e5400000| Untracked 
|  85|0x00000000e5500000, 0x00000000e5500000, 0x00000000e5600000|  0%| F|  |TAMS 0x00000000e5500000, 0x00000000e5500000| Untracked 
|  86|0x00000000e5600000, 0x00000000e5600000, 0x00000000e5700000|  0%| F|  |TAMS 0x00000000e5600000, 0x00000000e5600000| Untracked 
|  87|0x00000000e5700000, 0x00000000e5700000, 0x00000000e5800000|  0%| F|  |TAMS 0x00000000e5700000, 0x00000000e5700000| Untracked 
|  88|0x00000000e5800000, 0x00000000e5800000, 0x00000000e5900000|  0%| F|  |TAMS 0x00000000e5800000, 0x00000000e5800000| Untracked 
|  89|0x00000000e5900000, 0x00000000e5900000, 0x00000000e5a00000|  0%| F|  |TAMS 0x00000000e5900000, 0x00000000e5900000| Untracked 
|  90|0x00000000e5a00000, 0x00000000e5a00000, 0x00000000e5b00000|  0%| F|  |TAMS 0x00000000e5a00000, 0x00000000e5a00000| Untracked 
|  91|0x00000000e5b00000, 0x00000000e5b00000, 0x00000000e5c00000|  0%| F|  |TAMS 0x00000000e5b00000, 0x00000000e5b00000| Untracked 
|  92|0x00000000e5c00000, 0x00000000e5c00000, 0x00000000e5d00000|  0%| F|  |TAMS 0x00000000e5c00000, 0x00000000e5c00000| Untracked 
|  93|0x00000000e5d00000, 0x00000000e5d00000, 0x00000000e5e00000|  0%| F|  |TAMS 0x00000000e5d00000, 0x00000000e5d00000| Untracked 
|  94|0x00000000e5e00000, 0x00000000e5e00000, 0x00000000e5f00000|  0%| F|  |TAMS 0x00000000e5e00000, 0x00000000e5e00000| Untracked 
|  95|0x00000000e5f00000, 0x00000000e5f00000, 0x00000000e6000000|  0%| F|  |TAMS 0x00000000e5f00000, 0x00000000e5f00000| Untracked 
|  96|0x00000000e6000000, 0x00000000e6000000, 0x00000000e6100000|  0%| F|  |TAMS 0x00000000e6000000, 0x00000000e6000000| Untracked 
|  97|0x00000000e6100000, 0x00000000e6100000, 0x00000000e6200000|  0%| F|  |TAMS 0x00000000e6100000, 0x00000000e6100000| Untracked 
|  98|0x00000000e6200000, 0x00000000e6200000, 0x00000000e6300000|  0%| F|  |TAMS 0x00000000e6200000, 0x00000000e6200000| Untracked 
|  99|0x00000000e6300000, 0x00000000e6300000, 0x00000000e6400000|  0%| F|  |TAMS 0x00000000e6300000, 0x00000000e6300000| Untracked 
| 100|0x00000000e6400000, 0x00000000e6400000, 0x00000000e6500000|  0%| F|  |TAMS 0x00000000e6400000, 0x00000000e6400000| Untracked 
| 101|0x00000000e6500000, 0x00000000e6500000, 0x00000000e6600000|  0%| F|  |TAMS 0x00000000e6500000, 0x00000000e6500000| Untracked 
| 102|0x00000000e6600000, 0x00000000e6600000, 0x00000000e6700000|  0%| F|  |TAMS 0x00000000e6600000, 0x00000000e6600000| Untracked 
| 103|0x00000000e6700000, 0x00000000e6700000, 0x00000000e6800000|  0%| F|  |TAMS 0x00000000e6700000, 0x00000000e6700000| Untracked 
| 104|0x00000000e6800000, 0x00000000e6800000, 0x00000000e6900000|  0%| F|  |TAMS 0x00000000e6800000, 0x00000000e6800000| Untracked 
| 105|0x00000000e6900000, 0x00000000e6900000, 0x00000000e6a00000|  0%| F|  |TAMS 0x00000000e6900000, 0x00000000e6900000| Untracked 
| 106|0x00000000e6a00000, 0x00000000e6a00000, 0x00000000e6b00000|  0%| F|  |TAMS 0x00000000e6a00000, 0x00000000e6a00000| Untracked 
| 107|0x00000000e6b00000, 0x00000000e6b00000, 0x00000000e6c00000|  0%| F|  |TAMS 0x00000000e6b00000, 0x00000000e6b00000| Untracked 
| 108|0x00000000e6c00000, 0x00000000e6c00000, 0x00000000e6d00000|  0%| F|  |TAMS 0x00000000e6c00000, 0x00000000e6c00000| Untracked 
| 109|0x00000000e6d00000, 0x00000000e6d00000, 0x00000000e6e00000|  0%| F|  |TAMS 0x00000000e6d00000, 0x00000000e6d00000| Untracked 
| 110|0x00000000e6e00000, 0x00000000e6e00000, 0x00000000e6f00000|  0%| F|  |TAMS 0x00000000e6e00000, 0x00000000e6e00000| Untracked 
| 111|0x00000000e6f00000, 0x00000000e6f00000, 0x00000000e7000000|  0%| F|  |TAMS 0x00000000e6f00000, 0x00000000e6f00000| Untracked 
| 112|0x00000000e7000000, 0x00000000e7000000, 0x00000000e7100000|  0%| F|  |TAMS 0x00000000e7000000, 0x00000000e7000000| Untracked 
| 113|0x00000000e7100000, 0x00000000e7100000, 0x00000000e7200000|  0%| F|  |TAMS 0x00000000e7100000, 0x00000000e7100000| Untracked 
| 114|0x00000000e7200000, 0x00000000e72de8a8, 0x00000000e7300000| 86%| E|  |TAMS 0x00000000e7200000, 0x00000000e7200000| Complete 
| 115|0x00000000e7300000, 0x00000000e7400000, 0x00000000e7400000|100%| S|CS|TAMS 0x00000000e7300000, 0x00000000e7300000| Complete 
| 116|0x00000000e7400000, 0x00000000e7500000, 0x00000000e7500000|100%| S|CS|TAMS 0x00000000e7400000, 0x00000000e7400000| Complete 
| 117|0x00000000e7500000, 0x00000000e7600000, 0x00000000e7600000|100%| S|CS|TAMS 0x00000000e7500000, 0x00000000e7500000| Complete 
| 118|0x00000000e7600000, 0x00000000e7700000, 0x00000000e7700000|100%| S|CS|TAMS 0x00000000e7600000, 0x00000000e7600000| Complete 
| 119|0x00000000e7700000, 0x00000000e7800000, 0x00000000e7800000|100%| S|CS|TAMS 0x00000000e7700000, 0x00000000e7700000| Complete 
| 120|0x00000000e7800000, 0x00000000e7900000, 0x00000000e7900000|100%| E|CS|TAMS 0x00000000e7800000, 0x00000000e7800000| Complete 
| 121|0x00000000e7900000, 0x00000000e7a00000, 0x00000000e7a00000|100%| E|CS|TAMS 0x00000000e7900000, 0x00000000e7900000| Complete 
| 122|0x00000000e7a00000, 0x00000000e7b00000, 0x00000000e7b00000|100%| E|CS|TAMS 0x00000000e7a00000, 0x00000000e7a00000| Complete 
| 123|0x00000000e7b00000, 0x00000000e7c00000, 0x00000000e7c00000|100%| E|CS|TAMS 0x00000000e7b00000, 0x00000000e7b00000| Complete 
| 124|0x00000000e7c00000, 0x00000000e7d00000, 0x00000000e7d00000|100%| E|  |TAMS 0x00000000e7c00000, 0x00000000e7c00000| Complete 
| 125|0x00000000e7d00000, 0x00000000e7e00000, 0x00000000e7e00000|100%| E|CS|TAMS 0x00000000e7d00000, 0x00000000e7d00000| Complete 
| 126|0x00000000e7e00000, 0x00000000e7f00000, 0x00000000e7f00000|100%| E|CS|TAMS 0x00000000e7e00000, 0x00000000e7e00000| Complete 
| 127|0x00000000e7f00000, 0x00000000e8000000, 0x00000000e8000000|100%| E|CS|TAMS 0x00000000e7f00000, 0x00000000e7f00000| Complete 
| 128|0x00000000e8000000, 0x00000000e8100000, 0x00000000e8100000|100%| E|CS|TAMS 0x00000000e8000000, 0x00000000e8000000| Complete 
| 129|0x00000000e8100000, 0x00000000e8200000, 0x00000000e8200000|100%| E|CS|TAMS 0x00000000e8100000, 0x00000000e8100000| Complete 
| 130|0x00000000e8200000, 0x00000000e8300000, 0x00000000e8300000|100%| E|CS|TAMS 0x00000000e8200000, 0x00000000e8200000| Complete 
| 131|0x00000000e8300000, 0x00000000e8400000, 0x00000000e8400000|100%| E|CS|TAMS 0x00000000e8300000, 0x00000000e8300000| Complete 
| 132|0x00000000e8400000, 0x00000000e8500000, 0x00000000e8500000|100%| E|CS|TAMS 0x00000000e8400000, 0x00000000e8400000| Complete 
| 133|0x00000000e8500000, 0x00000000e8600000, 0x00000000e8600000|100%| E|CS|TAMS 0x00000000e8500000, 0x00000000e8500000| Complete 
| 134|0x00000000e8600000, 0x00000000e8700000, 0x00000000e8700000|100%| E|CS|TAMS 0x00000000e8600000, 0x00000000e8600000| Complete 
| 135|0x00000000e8700000, 0x00000000e8800000, 0x00000000e8800000|100%| E|CS|TAMS 0x00000000e8700000, 0x00000000e8700000| Complete 
| 136|0x00000000e8800000, 0x00000000e8900000, 0x00000000e8900000|100%| E|CS|TAMS 0x00000000e8800000, 0x00000000e8800000| Complete 
| 137|0x00000000e8900000, 0x00000000e8a00000, 0x00000000e8a00000|100%| E|CS|TAMS 0x00000000e8900000, 0x00000000e8900000| Complete 
| 138|0x00000000e8a00000, 0x00000000e8b00000, 0x00000000e8b00000|100%| E|CS|TAMS 0x00000000e8a00000, 0x00000000e8a00000| Complete 
| 139|0x00000000e8b00000, 0x00000000e8c00000, 0x00000000e8c00000|100%| E|CS|TAMS 0x00000000e8b00000, 0x00000000e8b00000| Complete 
| 140|0x00000000e8c00000, 0x00000000e8d00000, 0x00000000e8d00000|100%| E|CS|TAMS 0x00000000e8c00000, 0x00000000e8c00000| Complete 
| 141|0x00000000e8d00000, 0x00000000e8e00000, 0x00000000e8e00000|100%| E|CS|TAMS 0x00000000e8d00000, 0x00000000e8d00000| Complete 
| 142|0x00000000e8e00000, 0x00000000e8f00000, 0x00000000e8f00000|100%| E|CS|TAMS 0x00000000e8e00000, 0x00000000e8e00000| Complete 
| 143|0x00000000e8f00000, 0x00000000e9000000, 0x00000000e9000000|100%| E|CS|TAMS 0x00000000e8f00000, 0x00000000e8f00000| Complete 
| 144|0x00000000e9000000, 0x00000000e9100000, 0x00000000e9100000|100%| E|CS|TAMS 0x00000000e9000000, 0x00000000e9000000| Complete 
| 145|0x00000000e9100000, 0x00000000e9200000, 0x00000000e9200000|100%| E|CS|TAMS 0x00000000e9100000, 0x00000000e9100000| Complete 
| 146|0x00000000e9200000, 0x00000000e9300000, 0x00000000e9300000|100%| E|CS|TAMS 0x00000000e9200000, 0x00000000e9200000| Complete 
| 147|0x00000000e9300000, 0x00000000e9400000, 0x00000000e9400000|100%| E|CS|TAMS 0x00000000e9300000, 0x00000000e9300000| Complete 
| 148|0x00000000e9400000, 0x00000000e9500000, 0x00000000e9500000|100%| E|CS|TAMS 0x00000000e9400000, 0x00000000e9400000| Complete 
| 149|0x00000000e9500000, 0x00000000e9600000, 0x00000000e9600000|100%| E|CS|TAMS 0x00000000e9500000, 0x00000000e9500000| Complete 
| 150|0x00000000e9600000, 0x00000000e9700000, 0x00000000e9700000|100%| E|CS|TAMS 0x00000000e9600000, 0x00000000e9600000| Complete 
| 151|0x00000000e9700000, 0x00000000e9800000, 0x00000000e9800000|100%| E|CS|TAMS 0x00000000e9700000, 0x00000000e9700000| Complete 
| 152|0x00000000e9800000, 0x00000000e9900000, 0x00000000e9900000|100%| E|CS|TAMS 0x00000000e9800000, 0x00000000e9800000| Complete 
| 153|0x00000000e9900000, 0x00000000e9a00000, 0x00000000e9a00000|100%| E|CS|TAMS 0x00000000e9900000, 0x00000000e9900000| Complete 

Card table byte_map: [0x000001f799ae0000,0x000001f799be0000] _byte_map_base: 0x000001f7993e0000

Marking Bits (Prev, Next): (CMBitMap*) 0x000001f783f999f8, (CMBitMap*) 0x000001f783f99a30
 Prev Bits: [0x000001f799ce0000, 0x000001f79a4e0000)
 Next Bits: [0x000001f79a4e0000, 0x000001f79ace0000)

Polling page: 0x000001f782490000

Metaspace:

Usage:
  Non-class:     39.27 MB capacity,    36.32 MB ( 92%) used,     2.86 MB (  7%) free+waste,    91.31 KB ( <1%) overhead. 
      Class:      5.44 MB capacity,     4.07 MB ( 75%) used,     1.32 MB ( 24%) free+waste,    49.06 KB ( <1%) overhead. 
       Both:     44.71 MB capacity,    40.39 MB ( 90%) used,     4.18 MB (  9%) free+waste,   140.38 KB ( <1%) overhead. 

Virtual space:
  Non-class space:       40.00 MB reserved,      39.50 MB ( 99%) committed 
      Class space:        1.00 GB reserved,       5.50 MB ( <1%) committed 
             Both:        1.04 GB reserved,      45.00 MB (  4%) committed 

Chunk freelists:
   Non-Class:  47.00 KB
       Class:  26.00 KB
        Both:  73.00 KB

MaxMetaspaceSize: 17179869184.00 GB
CompressedClassSpaceSize: 1.00 GB
Initial GC threshold: 20.80 MB
Current GC threshold: 61.25 MB
CDS: off

CodeHeap 'non-profiled nmethods': size=120000Kb used=3033Kb max_used=3033Kb free=116966Kb
 bounds [0x000001f791920000, 0x000001f791c20000, 0x000001f798e50000]
CodeHeap 'profiled nmethods': size=120000Kb used=13355Kb max_used=13355Kb free=106644Kb
 bounds [0x000001f78a3f0000, 0x000001f78b100000, 0x000001f791920000]
CodeHeap 'non-nmethods': size=5760Kb used=1220Kb max_used=1258Kb free=4539Kb
 bounds [0x000001f789e50000, 0x000001f78a0c0000, 0x000001f78a3f0000]
 total_blobs=6102 nmethods=5608 adapters=406
 compilation: enabled
              stopped_count=0, restarted_count=0
 full_count=0

Compilation events (20 events):
Event: 4.742 Thread 0x000001f79d957000 nmethod 5599 0x000001f78b0ca710 code [0x000001f78b0ca920, 0x000001f78b0cb218]
Event: 4.742 Thread 0x000001f79d957000 5600       3       org.eclipse.cdt.managedbuilder.internal.macros.MbsMacroSupplier::getInstance (20 bytes)
Event: 4.742 Thread 0x000001f79d957000 nmethod 5600 0x000001f78b0cb410 code [0x000001f78b0cb5e0, 0x000001f78b0cb8f8]
Event: 4.744 Thread 0x000001f79d957000 5602       3       org.eclipse.osgi.internal.framework.EquinoxBundle::resolve (37 bytes)
Event: 4.744 Thread 0x000001f79d957000 nmethod 5602 0x000001f78b0cba10 code [0x000001f78b0cbc20, 0x000001f78b0cc1d8]
Event: 4.744 Thread 0x000001f79d957000 5603       3       java.util.regex.Pattern$NotBehind::match (137 bytes)
Event: 4.745 Thread 0x000001f79d957000 nmethod 5603 0x000001f78b0cc490 code [0x000001f78b0cc680, 0x000001f78b0ccc78]
Event: 4.745 Thread 0x000001f79d957000 5604       3       org.eclipse.cdt.internal.core.settings.model.CExternalSettingsManager::getRefInfo (149 bytes)
Event: 4.746 Thread 0x000001f79d957000 nmethod 5604 0x000001f78b0cce90 code [0x000001f78b0cd220, 0x000001f78b0ce988]
Event: 4.746 Thread 0x000001f79d957000 5605       3       org.eclipse.cdt.internal.core.settings.model.CSettingsRefInfo::getReferences (84 bytes)
Event: 4.746 Thread 0x000001f79d957000 nmethod 5605 0x000001f78b0cf190 code [0x000001f78b0cf460, 0x000001f78b0d0608]
Event: 4.747 Thread 0x000001f79d957000 5606       3       java.lang.Class::getDeclaredConstructor (31 bytes)
Event: 4.748 Thread 0x000001f79d957000 nmethod 5606 0x000001f78b0d0b90 code [0x000001f78b0d0e00, 0x000001f78b0d1628]
Event: 4.748 Thread 0x000001f79d957000 5607   !   3       org.eclipse.osgi.internal.framework.EquinoxBundle::loadClass (200 bytes)
Event: 4.750 Thread 0x000001f79d957000 nmethod 5607 0x000001f78b0d1910 code [0x000001f78b0d1ea0, 0x000001f78b0d4c18]
Event: 4.750 Thread 0x000001f79d957000 5610       3       org.eclipse.cdt.managedbuilder.internal.macros.DefaultMacroContextInfo::<init> (15 bytes)
Event: 4.751 Thread 0x000001f79d957000 nmethod 5610 0x000001f78b0d5e90 code [0x000001f78b0d6040, 0x000001f78b0d61f8]
Event: 4.751 Thread 0x000001f79d957000 5608       3       org.eclipse.osgi.internal.framework.EquinoxBundle::getModuleClassLoader (75 bytes)
Event: 4.752 Thread 0x000001f79d957000 nmethod 5608 0x000001f78b0d6290 code [0x000001f78b0d6500, 0x000001f78b0d6f68]
Event: 4.752 Thread 0x000001f79d957000 5609   !   3       org.eclipse.core.internal.registry.ConfigurationElement::createExecutableExtension (419 bytes)

GC Heap History (20 events):
Event: 3.303 GC heap before
{Heap before GC invocations=29 (full 0):
 garbage-first heap   total 59392K, used 45388K [0x00000000e0000000, 0x0000000100000000)
  region size 1024K, 7 young (7168K), 1 survivors (1024K)
 Metaspace       used 34379K, capacity 37597K, committed 37632K, reserved 1083392K
  class space    used 3473K, capacity 4602K, committed 4608K, reserved 1048576K
}
Event: 3.305 GC heap after
{Heap after GC invocations=30 (full 0):
 garbage-first heap   total 83968K, used 40960K [0x00000000e0000000, 0x0000000100000000)
  region size 1024K, 1 young (1024K), 1 survivors (1024K)
 Metaspace       used 34379K, capacity 37597K, committed 37632K, reserved 1083392K
  class space    used 3473K, capacity 4602K, committed 4608K, reserved 1048576K
}
Event: 3.343 GC heap before
{Heap before GC invocations=30 (full 0):
 garbage-first heap   total 83968K, used 54272K [0x00000000e0000000, 0x0000000100000000)
  region size 1024K, 14 young (14336K), 1 survivors (1024K)
 Metaspace       used 34442K, capacity 37661K, committed 37888K, reserved 1083392K
  class space    used 3474K, capacity 4602K, committed 4608K, reserved 1048576K
}
Event: 3.345 GC heap after
{Heap after GC invocations=31 (full 0):
 garbage-first heap   total 83968K, used 42720K [0x00000000e0000000, 0x0000000100000000)
  region size 1024K, 2 young (2048K), 2 survivors (2048K)
 Metaspace       used 34442K, capacity 37661K, committed 37888K, reserved 1083392K
  class space    used 3474K, capacity 4602K, committed 4608K, reserved 1048576K
}
Event: 3.372 GC heap before
{Heap before GC invocations=31 (full 0):
 garbage-first heap   total 83968K, used 56032K [0x00000000e0000000, 0x0000000100000000)
  region size 1024K, 15 young (15360K), 2 survivors (2048K)
 Metaspace       used 34489K, capacity 37662K, committed 37888K, reserved 1083392K
  class space    used 3474K, capacity 4602K, committed 4608K, reserved 1048576K
}
Event: 3.373 GC heap after
{Heap after GC invocations=32 (full 0):
 garbage-first heap   total 83968K, used 43343K [0x00000000e0000000, 0x0000000100000000)
  region size 1024K, 1 young (1024K), 1 survivors (1024K)
 Metaspace       used 34489K, capacity 37662K, committed 37888K, reserved 1083392K
  class space    used 3474K, capacity 4602K, committed 4608K, reserved 1048576K
}
Event: 3.401 GC heap before
{Heap before GC invocations=32 (full 0):
 garbage-first heap   total 83968K, used 57679K [0x00000000e0000000, 0x0000000100000000)
  region size 1024K, 15 young (15360K), 1 survivors (1024K)
 Metaspace       used 34541K, capacity 37728K, committed 37888K, reserved 1083392K
  class space    used 3474K, capacity 4602K, committed 4608K, reserved 1048576K
}
Event: 3.402 GC heap after
{Heap after GC invocations=33 (full 0):
 garbage-first heap   total 83968K, used 44490K [0x00000000e0000000, 0x0000000100000000)
  region size 1024K, 2 young (2048K), 2 survivors (2048K)
 Metaspace       used 34541K, capacity 37728K, committed 37888K, reserved 1083392K
  class space    used 3474K, capacity 4602K, committed 4608K, reserved 1048576K
}
Event: 3.429 GC heap before
{Heap before GC invocations=33 (full 0):
 garbage-first heap   total 83968K, used 57802K [0x00000000e0000000, 0x0000000100000000)
  region size 1024K, 16 young (16384K), 2 survivors (2048K)
 Metaspace       used 34594K, capacity 37792K, committed 37888K, reserved 1083392K
  class space    used 3474K, capacity 4602K, committed 4608K, reserved 1048576K
}
Event: 3.431 GC heap after
{Heap after GC invocations=34 (full 0):
 garbage-first heap   total 110592K, used 45965K [0x00000000e0000000, 0x0000000100000000)
  region size 1024K, 2 young (2048K), 2 survivors (2048K)
 Metaspace       used 34594K, capacity 37792K, committed 37888K, reserved 1083392K
  class space    used 3474K, capacity 4602K, committed 4608K, reserved 1048576K
}
Event: 3.475 GC heap before
{Heap before GC invocations=34 (full 0):
 garbage-first heap   total 110592K, used 67469K [0x00000000e0000000, 0x0000000100000000)
  region size 1024K, 24 young (24576K), 2 survivors (2048K)
 Metaspace       used 34672K, capacity 37858K, committed 37888K, reserved 1083392K
  class space    used 3474K, capacity 4602K, committed 4608K, reserved 1048576K
}
Event: 3.476 GC heap after
{Heap after GC invocations=35 (full 0):
 garbage-first heap   total 110592K, used 47721K [0x00000000e0000000, 0x0000000100000000)
  region size 1024K, 3 young (3072K), 3 survivors (3072K)
 Metaspace       used 34672K, capacity 37858K, committed 37888K, reserved 1083392K
  class space    used 3474K, capacity 4602K, committed 4608K, reserved 1048576K
}
Event: 3.614 GC heap before
{Heap before GC invocations=35 (full 0):
 garbage-first heap   total 110592K, used 72297K [0x00000000e0000000, 0x0000000100000000)
  region size 1024K, 28 young (28672K), 3 survivors (3072K)
 Metaspace       used 34921K, capacity 38320K, committed 38528K, reserved 1083392K
  class space    used 3487K, capacity 4645K, committed 4736K, reserved 1048576K
}
Event: 3.617 GC heap after
{Heap after GC invocations=36 (full 0):
 garbage-first heap   total 110592K, used 53374K [0x00000000e0000000, 0x0000000100000000)
  region size 1024K, 4 young (4096K), 4 survivors (4096K)
 Metaspace       used 34921K, capacity 38320K, committed 38528K, reserved 1083392K
  class space    used 3487K, capacity 4645K, committed 4736K, reserved 1048576K
}
Event: 3.713 GC heap before
{Heap before GC invocations=36 (full 0):
 garbage-first heap   total 110592K, used 76926K [0x00000000e0000000, 0x0000000100000000)
  region size 1024K, 28 young (28672K), 4 survivors (4096K)
 Metaspace       used 34997K, capacity 38385K, committed 38528K, reserved 1083392K
  class space    used 3488K, capacity 4645K, committed 4736K, reserved 1048576K
}
Event: 3.717 GC heap after
{Heap after GC invocations=37 (full 0):
 garbage-first heap   total 110592K, used 60080K [0x00000000e0000000, 0x0000000100000000)
  region size 1024K, 4 young (4096K), 4 survivors (4096K)
 Metaspace       used 34997K, capacity 38385K, committed 38528K, reserved 1083392K
  class space    used 3488K, capacity 4645K, committed 4736K, reserved 1048576K
}
Event: 3.774 GC heap before
{Heap before GC invocations=37 (full 0):
 garbage-first heap   total 110592K, used 80560K [0x00000000e0000000, 0x0000000100000000)
  region size 1024K, 25 young (25600K), 4 survivors (4096K)
 Metaspace       used 35003K, capacity 38385K, committed 38528K, reserved 1083392K
  class space    used 3488K, capacity 4645K, committed 4736K, reserved 1048576K
}
Event: 3.779 GC heap after
{Heap after GC invocations=38 (full 0):
 garbage-first heap   total 157696K, used 64394K [0x00000000e0000000, 0x0000000100000000)
  region size 1024K, 4 young (4096K), 4 survivors (4096K)
 Metaspace       used 35003K, capacity 38385K, committed 38528K, reserved 1083392K
  class space    used 3488K, capacity 4645K, committed 4736K, reserved 1048576K
}
Event: 4.222 GC heap before
{Heap before GC invocations=38 (full 0):
 garbage-first heap   total 157696K, used 100234K [0x00000000e0000000, 0x0000000100000000)
  region size 1024K, 38 young (38912K), 4 survivors (4096K)
 Metaspace       used 37385K, capacity 41508K, committed 41728K, reserved 1085440K
  class space    used 3737K, capacity 5074K, committed 5120K, reserved 1048576K
}
Event: 4.233 GC heap after
{Heap after GC invocations=39 (full 0):
 garbage-first heap   total 157696K, used 72525K [0x00000000e0000000, 0x0000000100000000)
  region size 1024K, 5 young (5120K), 5 survivors (5120K)
 Metaspace       used 37385K, capacity 41508K, committed 41728K, reserved 1085440K
  class space    used 3737K, capacity 5074K, committed 5120K, reserved 1048576K
}

Deoptimization events (20 events):
Event: 4.660 Thread 0x000001f783f74800 DEOPT PACKING pc=0x000001f791bd2e78 sp=0x00000096fe57d2d0
Event: 4.660 Thread 0x000001f783f74800 DEOPT UNPACKING pc=0x000001f789e9a1af sp=0x00000096fe57d280 mode 2
Event: 4.668 Thread 0x000001f783f74800 Uncommon trap: trap_request=0xffffff4d fr.pc=0x000001f791bec7f8 relative=0x0000000000000498
Event: 4.668 Thread 0x000001f783f74800 Uncommon trap: reason=unstable_if action=reinterpret pc=0x000001f791bec7f8 method=java.util.WeakHashMap.remove(Ljava/lang/Object;)Ljava/lang/Object; @ 94 c2
Event: 4.668 Thread 0x000001f783f74800 DEOPT PACKING pc=0x000001f791bec7f8 sp=0x00000096fe57c810
Event: 4.668 Thread 0x000001f783f74800 DEOPT UNPACKING pc=0x000001f789e9a1af sp=0x00000096fe57c748 mode 2
Event: 4.676 Thread 0x000001f7a0ffe000 DEOPT PACKING pc=0x000001f78acb4ebe sp=0x00000096816fcb10
Event: 4.676 Thread 0x000001f7a0ffe000 DEOPT UNPACKING pc=0x000001f789e9a95e sp=0x00000096816fbfb8 mode 0
Event: 4.681 Thread 0x000001f783f74800 Uncommon trap: trap_request=0xffffff4d fr.pc=0x000001f791bc1c84 relative=0x00000000000001c4
Event: 4.681 Thread 0x000001f783f74800 Uncommon trap: reason=unstable_if action=reinterpret pc=0x000001f791bc1c84 method=java.net.URI.quote(Ljava/lang/String;JJ)Ljava/lang/String; @ 53 c2
Event: 4.681 Thread 0x000001f783f74800 DEOPT PACKING pc=0x000001f791bc1c84 sp=0x00000096fe57dbd0
Event: 4.681 Thread 0x000001f783f74800 DEOPT UNPACKING pc=0x000001f789e9a1af sp=0x00000096fe57db58 mode 2
Event: 4.744 Thread 0x000001f7a0ffe000 Uncommon trap: trap_request=0xffffff4d fr.pc=0x000001f791bdeff4 relative=0x00000000000001d4
Event: 4.744 Thread 0x000001f7a0ffe000 Uncommon trap: reason=unstable_if action=reinterpret pc=0x000001f791bdeff4 method=java.util.regex.Pattern$NotBehind.match(Ljava/util/regex/Matcher;ILjava/lang/CharSequence;)Z @ 72 c2
Event: 4.744 Thread 0x000001f7a0ffe000 DEOPT PACKING pc=0x000001f791bdeff4 sp=0x00000096816fd660
Event: 4.744 Thread 0x000001f7a0ffe000 DEOPT UNPACKING pc=0x000001f789e9a1af sp=0x00000096816fd610 mode 2
Event: 4.749 Thread 0x000001f7a0ffe000 Uncommon trap: trap_request=0xffffff4d fr.pc=0x000001f791ba5140 relative=0x0000000000000280
Event: 4.749 Thread 0x000001f7a0ffe000 Uncommon trap: reason=unstable_if action=reinterpret pc=0x000001f791ba5140 method=java.lang.String.indexOf([BBILjava/lang/String;I)I @ 21 c2
Event: 4.749 Thread 0x000001f7a0ffe000 DEOPT PACKING pc=0x000001f791ba5140 sp=0x00000096816fdbb0
Event: 4.749 Thread 0x000001f7a0ffe000 DEOPT UNPACKING pc=0x000001f789e9a1af sp=0x00000096816fdb18 mode 2

Classes redefined (0 events):
No events

Internal exceptions (20 events):
Event: 3.991 Thread 0x000001f783f74800 Exception <a 'sun/nio/fs/WindowsException'{0x00000000e815ddc8}> (0x00000000e815ddc8) thrown at [./src/hotspot/share/prims/jni.cpp, line 616]
Event: 3.999 Thread 0x000001f783f74800 Exception <a 'sun/nio/fs/WindowsException'{0x00000000e8173a28}> (0x00000000e8173a28) thrown at [./src/hotspot/share/prims/jni.cpp, line 616]
Event: 4.002 Thread 0x000001f783f74800 Exception <a 'java/lang/NoSuchMethodError'{0x00000000e818def0}: 'java.lang.Object java.lang.invoke.DirectMethodHandle$Holder.invokeStatic(java.lang.Object, java.lang.Object, java.lang.Object, int)'> (0x00000000e818def0) thrown at [./src/hotspot/share/interpreter/linkResolver.cpp, line 773]
Event: 4.003 Thread 0x000001f783f74800 Exception <a 'java/lang/NoSuchMethodError'{0x00000000e81918b8}: 'java.lang.Object java.lang.invoke.DirectMethodHandle$Holder.invokeSpecial(java.lang.Object, java.lang.Object, java.lang.Object, java.lang.Object, int)'> (0x00000000e81918b8) thrown at [./src/hotspot/share/interpreter/linkResolver.cpp, line 773]
Event: 4.003 Thread 0x000001f783f74800 Exception <a 'java/lang/NoSuchMethodError'{0x00000000e8194920}: 'java.lang.Object java.lang.invoke.Invokers$Holder.linkToTargetMethod(java.lang.Object, java.lang.Object, int, java.lang.Object)'> (0x00000000e8194920) thrown at [./src/hotspot/share/interpreter/linkResolver.cpp, line 773]
Event: 4.022 Thread 0x000001f783f74800 Exception <a 'sun/nio/fs/WindowsException'{0x00000000e81f9630}> (0x00000000e81f9630) thrown at [./src/hotspot/share/prims/jni.cpp, line 616]
Event: 4.026 Thread 0x000001f783f74800 Exception <a 'sun/nio/fs/WindowsException'{0x00000000e80159b0}> (0x00000000e80159b0) thrown at [./src/hotspot/share/prims/jni.cpp, line 616]
Event: 4.031 Thread 0x000001f783f74800 Exception <a 'java/io/FileNotFoundException'{0x00000000e8034400}> (0x00000000e8034400) thrown at [./src/hotspot/share/prims/jni.cpp, line 616]
Event: 4.046 Thread 0x000001f7a0ffe000 Exception <a 'java/lang/NoSuchMethodError'{0x00000000e7f0b790}: 'java.lang.Object java.lang.invoke.DirectMethodHandle$Holder.invokeSpecial(java.lang.Object, java.lang.Object, java.lang.Object, java.lang.Object, java.lang.Object, java.lang.Object, java.lang.Object, java.lang.Object, java.lang.Object)'> (0x00000000e7f0b790) thrown at [./src/hotspot/share/interpreter/linkResolver.cpp, line 773]
Event: 4.047 Thread 0x000001f7a0ffe000 Exception <a 'java/lang/NoSuchMethodError'{0x00000000e7f0f438}: 'java.lang.Object java.lang.invoke.Invokers$Holder.linkToTargetMethod(java.lang.Object, java.lang.Object, java.lang.Object, java.lang.Object, java.lang.Object, java.lang.Object, java.lang.Object, java.lang.Object)'> (0x00000000e7f0f438) thrown at [./src/hotspot/share/interpreter/linkResolver.cpp, line 773]
Event: 4.124 Thread 0x000001f783f74800 Exception <a 'sun/nio/fs/WindowsException'{0x00000000e7d5ea80}> (0x00000000e7d5ea80) thrown at [./src/hotspot/share/prims/jni.cpp, line 616]
Event: 4.126 Thread 0x000001f783f74800 Exception <a 'sun/nio/fs/WindowsException'{0x00000000e7d7bea8}> (0x00000000e7d7bea8) thrown at [./src/hotspot/share/prims/jni.cpp, line 616]
Event: 4.208 Thread 0x000001f783f74800 Exception <a 'java/io/FileNotFoundException'{0x00000000e784c500}> (0x00000000e784c500) thrown at [./src/hotspot/share/prims/jni.cpp, line 616]
Event: 4.216 Thread 0x000001f783f74800 Exception <a 'java/io/FileNotFoundException'{0x00000000e787d628}> (0x00000000e787d628) thrown at [./src/hotspot/share/prims/jni.cpp, line 616]
Event: 4.273 Thread 0x000001f783f74800 Exception <a 'java/io/FileNotFoundException'{0x00000000e9383770}> (0x00000000e9383770) thrown at [./src/hotspot/share/prims/jni.cpp, line 616]
Event: 4.391 Thread 0x000001f783f74800 Exception <a 'java/io/FileNotFoundException'{0x00000000e8e12f80}> (0x00000000e8e12f80) thrown at [./src/hotspot/share/prims/jni.cpp, line 616]
Event: 4.391 Thread 0x000001f783f74800 Exception <a 'java/io/FileNotFoundException'{0x00000000e8e14508}> (0x00000000e8e14508) thrown at [./src/hotspot/share/prims/jni.cpp, line 616]
Event: 4.462 Thread 0x000001f783f74800 Exception <a 'java/io/FileNotFoundException'{0x00000000e8c73e98}> (0x00000000e8c73e98) thrown at [./src/hotspot/share/prims/jni.cpp, line 616]
Event: 4.579 Thread 0x000001f7a0fff800 Exception <a 'java/io/FileNotFoundException'{0x00000000e8994c70}> (0x00000000e8994c70) thrown at [./src/hotspot/share/prims/jni.cpp, line 616]
Event: 4.579 Thread 0x000001f7a0fff800 Exception <a 'java/io/FileNotFoundException'{0x00000000e8995c60}> (0x00000000e8995c60) thrown at [./src/hotspot/share/prims/jni.cpp, line 616]

Events (20 events):
Event: 4.711 Executing VM operation: RevokeBias
Event: 4.711 Executing VM operation: RevokeBias done
Event: 4.712 Executing VM operation: RevokeBias
Event: 4.713 Executing VM operation: RevokeBias done
Event: 4.713 Executing VM operation: RevokeBias
Event: 4.713 Executing VM operation: RevokeBias done
Event: 4.713 Executing VM operation: RevokeBias
Event: 4.713 Executing VM operation: RevokeBias done
Event: 4.715 Executing VM operation: RevokeBias
Event: 4.715 Executing VM operation: RevokeBias done
Event: 4.716 Executing VM operation: RevokeBias
Event: 4.716 Executing VM operation: RevokeBias done
Event: 4.717 Executing VM operation: RevokeBias
Event: 4.717 Executing VM operation: RevokeBias done
Event: 4.726 Executing VM operation: RevokeBias
Event: 4.726 Executing VM operation: RevokeBias done
Event: 4.730 Executing VM operation: RevokeBias
Event: 4.730 Executing VM operation: RevokeBias done
Event: 4.741 Executing VM operation: RevokeBias
Event: 4.741 Executing VM operation: RevokeBias done


Dynamic libraries:
0x00007ff7f4080000 - 0x00007ff7f40bc000 	C:\ti\ccs1250\ccs\eclipse\eclipsec.exe
0x00007ff964ff0000 - 0x00007ff965206000 	C:\WINDOWS\SYSTEM32\ntdll.dll
0x00007ff964370000 - 0x00007ff964434000 	C:\WINDOWS\System32\KERNEL32.DLL
0x00007ff962800000 - 0x00007ff962ba6000 	C:\WINDOWS\System32\KERNELBASE.dll
0x00007ff962db0000 - 0x00007ff962f5d000 	C:\WINDOWS\System32\USER32.dll
0x00007ff9626e0000 - 0x00007ff962706000 	C:\WINDOWS\System32\win32u.dll
0x00007ff963b30000 - 0x00007ff963b59000 	C:\WINDOWS\System32\GDI32.dll
0x00007ff9625c0000 - 0x00007ff9626d8000 	C:\WINDOWS\System32\gdi32full.dll
0x00007ff9624a0000 - 0x00007ff96253a000 	C:\WINDOWS\System32\msvcp_win.dll
0x00007ff962bb0000 - 0x00007ff962cc1000 	C:\WINDOWS\System32\ucrtbase.dll
0x00007ff94b3d0000 - 0x00007ff94b483000 	C:\WINDOWS\WinSxS\amd64_microsoft.windows.common-controls_6595b64144ccf1df_5.82.22621.2506_none_b43bab19638c9595\COMCTL32.dll
0x00007ff963b60000 - 0x00007ff963c12000 	C:\WINDOWS\System32\ADVAPI32.dll
0x00007ff963ee0000 - 0x00007ff963f87000 	C:\WINDOWS\System32\msvcrt.dll
0x00007ff964ba0000 - 0x00007ff964c48000 	C:\WINDOWS\System32\sechost.dll
0x00007ff962710000 - 0x00007ff962738000 	C:\WINDOWS\System32\bcrypt.dll
0x00007ff963870000 - 0x00007ff963985000 	C:\WINDOWS\System32\RPCRT4.dll
0x00007ff962d40000 - 0x00007ff962d71000 	C:\WINDOWS\System32\IMM32.DLL
0x00007ff921400000 - 0x00007ff92143e000 	C:\ti\ccs1250\ccs\eclipse\plugins\org.eclipse.equinox.launcher.win32.win32.x86_64_1.2.400.v20211117-0650\eclipse_11602.dll
0x00007ff963990000 - 0x00007ff963b2f000 	C:\WINDOWS\System32\ole32.dll
0x00007ff963f90000 - 0x00007ff964318000 	C:\WINDOWS\System32\combase.dll
0x00007ff959dc0000 - 0x00007ff959dca000 	C:\WINDOWS\SYSTEM32\VERSION.dll
0x00007ff86b380000 - 0x00007ff86befe000 	C:\ti\ccs1250\ccs\eclipse\jre\bin\server\jvm.dll
0x00007ff963c20000 - 0x00007ff963c28000 	C:\WINDOWS\System32\PSAPI.DLL
0x00007ff95d2d0000 - 0x00007ff95d2d9000 	C:\WINDOWS\SYSTEM32\WSOCK32.dll
0x00007ff9593e0000 - 0x00007ff959414000 	C:\WINDOWS\SYSTEM32\WINMM.dll
0x00007ff931e30000 - 0x00007ff931e4b000 	C:\WINDOWS\SYSTEM32\VCRUNTIME140.dll
0x00007ff964a20000 - 0x00007ff964a91000 	C:\WINDOWS\System32\WS2_32.dll
0x00007ff95f390000 - 0x00007ff95f3a0000 	C:\ti\ccs1250\ccs\eclipse\jre\bin\verify.dll
0x00007ff95d590000 - 0x00007ff95d7c3000 	C:\WINDOWS\SYSTEM32\DBGHELP.DLL
0x00007ff964c50000 - 0x00007ff964d27000 	C:\WINDOWS\System32\OLEAUT32.dll
0x00007ff945ec0000 - 0x00007ff945ef2000 	C:\WINDOWS\SYSTEM32\dbgcore.DLL
0x00007ff962540000 - 0x00007ff9625ba000 	C:\WINDOWS\System32\bcryptPrimitives.dll
0x00007ff8ff200000 - 0x00007ff8ff228000 	C:\ti\ccs1250\ccs\eclipse\jre\bin\java.dll
0x00007ff958e20000 - 0x00007ff958e2a000 	C:\ti\ccs1250\ccs\eclipse\jre\bin\jimage.dll
0x00007ff923c80000 - 0x00007ff923c97000 	C:\ti\ccs1250\ccs\eclipse\jre\bin\zip.dll
0x00007ff961330000 - 0x00007ff961348000 	C:\WINDOWS\SYSTEM32\kernel.appcore.dll
0x00007ff963010000 - 0x00007ff96386d000 	C:\WINDOWS\System32\SHELL32.dll
0x00007ff960240000 - 0x00007ff960b38000 	C:\WINDOWS\SYSTEM32\windows.storage.dll
0x00007ff960100000 - 0x00007ff96023e000 	C:\WINDOWS\SYSTEM32\wintypes.dll
0x00007ff964d30000 - 0x00007ff964e23000 	C:\WINDOWS\System32\SHCORE.dll
0x00007ff9649c0000 - 0x00007ff964a1e000 	C:\WINDOWS\System32\shlwapi.dll
0x00007ff962260000 - 0x00007ff962286000 	C:\WINDOWS\SYSTEM32\profapi.dll
0x00007ff90e350000 - 0x00007ff90e369000 	C:\ti\ccs1250\ccs\eclipse\jre\bin\net.dll
0x00007ff959b10000 - 0x00007ff959c47000 	C:\WINDOWS\SYSTEM32\WINHTTP.dll
0x00007ff9617a0000 - 0x00007ff961809000 	C:\WINDOWS\system32\mswsock.dll
0x00007ff8ff1a0000 - 0x00007ff8ff1b2000 	C:\ti\ccs1250\ccs\eclipse\jre\bin\nio.dll
0x00007ff961af0000 - 0x00007ff961b0b000 	C:\WINDOWS\SYSTEM32\CRYPTSP.dll
0x00007ff961290000 - 0x00007ff9612c5000 	C:\WINDOWS\system32\rsaenh.dll
0x00007ff961840000 - 0x00007ff96186c000 	C:\WINDOWS\SYSTEM32\USERENV.dll
0x00007ff961ad0000 - 0x00007ff961adc000 	C:\WINDOWS\SYSTEM32\CRYPTBASE.dll
0x00007ff960de0000 - 0x00007ff960e0d000 	C:\WINDOWS\SYSTEM32\IPHLPAPI.DLL
0x00007ff963c30000 - 0x00007ff963c39000 	C:\WINDOWS\System32\NSI.dll
0x00007ff959dd0000 - 0x00007ff959de9000 	C:\WINDOWS\SYSTEM32\dhcpcsvc6.DLL
0x00007ff9598d0000 - 0x00007ff9598ef000 	C:\WINDOWS\SYSTEM32\dhcpcsvc.DLL
0x00007ff960e10000 - 0x00007ff960f09000 	C:\WINDOWS\SYSTEM32\DNSAPI.dll
0x0000000180000000 - 0x0000000180012000 	C:\ti\ccs1250\ccs\eclipse\configuration\org.eclipse.osgi\285\0\.cp\os\win32\x86_64\localfile_1_0_0.dll
0x00007ff8ff180000 - 0x00007ff8ff191000 	C:\ti\ccs1250\ccs\eclipse\configuration\org.eclipse.osgi\288\0\.cp\jWinHttp-1.0.0.dll
0x00007ff94a8f0000 - 0x00007ff94a8fa000 	C:\ti\ccs1250\ccs\ccs_base\DebugServer\bin\LibraryLoader.dll
0x00007ff8e50e0000 - 0x00007ff8e516e000 	C:\WINDOWS\SYSTEM32\MSVCP140.dll
0x00007ff92f060000 - 0x00007ff92f06c000 	C:\WINDOWS\SYSTEM32\VCRUNTIME140_1.dll
0x00007ff8e50a0000 - 0x00007ff8e50d2000 	C:\ti\ccs1250\ccs\ccs_base\common\bin\ti_logger.dll
0x00007ff8ff160000 - 0x00007ff8ff172000 	C:\ti\ccs1250\ccs\ccs_base\common\bin\CCReg.dll
0x00007ff8dcf20000 - 0x00007ff8dcff4000 	C:\ti\ccs1250\ccs\ccs_base\common\bin\fsutil.dll
0x00007ff8dce80000 - 0x00007ff8dcf1b000 	C:\ti\ccs1250\ccs\ccs_base\common\bin\libusb-1.0.dll
0x00007ff8e5060000 - 0x00007ff8e5091000 	C:\ti\ccs1250\ccs\ccs_base\common\bin\MiniDump.dll
0x00007ff86ee20000 - 0x00007ff86f00b000 	C:\ti\ccs1250\ccs\ccs_base\common\bin\setup_parser.dll
0x00007ff86eb30000 - 0x00007ff86ee13000 	C:\ti\ccs1250\ccs\ccs_base\common\bin\xerces-c_2_8.dll
0x000001f7a17d0000 - 0x000001f7a17e5000 	C:\ti\ccs1250\ccs\ccs_base\common\bin\ti_targetdb_parser.dll
0x00007ff8dc590000 - 0x00007ff8dc5e7000 	C:\ti\ccs1250\ccs\ccs_base\DebugServer\bin\ti_xpcom.dll
0x00007ff8ff0b0000 - 0x00007ff8ff0c6000 	C:\ti\ccs1250\ccs\ccs_base\DebugServer\bin\DirectoryService.dll
0x00007ff8dce40000 - 0x00007ff8dce72000 	C:\ti\ccs1250\ccs\ccs_base\DebugServer\bin\XPCOMUtility.dll

dbghelp: loaded successfully - version: 4.0.5 - missing functions: none
symbol engine: initialized successfully - sym options: 0x614 - pdb path: .;C:\ti\ccs1250\ccs\eclipse;C:\WINDOWS\SYSTEM32;C:\WINDOWS\WinSxS\amd64_microsoft.windows.common-controls_6595b64144ccf1df_5.82.22621.2506_none_b43bab19638c9595;C:\ti\ccs1250\ccs\eclipse\plugins\org.eclipse.equinox.launcher.win32.win32.x86_64_1.2.400.v20211117-0650;C:\ti\ccs1250\ccs\eclipse\jre\bin\server;C:\ti\ccs1250\ccs\eclipse\jre\bin;C:\ti\ccs1250\ccs\eclipse\configuration\org.eclipse.osgi\285\0\.cp\os\win32\x86_64;C:\ti\ccs1250\ccs\eclipse\configuration\org.eclipse.osgi\288\0\.cp;C:\ti\ccs1250\ccs\ccs_base\DebugServer\bin;C:\ti\ccs1250\ccs\ccs_base\common\bin

VM Arguments:
jvm_args: -Dosgi.requiredJavaVersion=11 -Dosgi.dataAreaRequiresExplicitInit=true -Dorg.eclipse.swt.graphics.Resource.reportNonDisposed=true -Xms40m -Xmx512m --add-modules=ALL-SYSTEM 
java_command: <unknown>
java_class_path (initial): C:\ti\ccs1250\ccs\ccs_base\SCRIPT~1\..\..\eclipse\\plugins/org.eclipse.equinox.launcher_1.6.400.v20210924-0641.jar
Launcher Type: generic

[Global flags]
     intx CICompilerCount                          = 4                                         {product} {ergonomic}
     uint ConcGCThreads                            = 3                                         {product} {ergonomic}
     uint G1ConcRefinementThreads                  = 10                                        {product} {ergonomic}
   size_t G1HeapRegionSize                         = 1048576                                   {product} {ergonomic}
    uintx GCDrainStackTargetSize                   = 64                                        {product} {ergonomic}
   size_t InitialHeapSize                          = 41943040                                  {product} {command line}
   size_t MarkStackSize                            = 4194304                                   {product} {ergonomic}
   size_t MaxHeapSize                              = 536870912                                 {product} {command line}
   size_t MaxNewSize                               = 321912832                                 {product} {ergonomic}
   size_t MinHeapDeltaBytes                        = 1048576                                   {product} {ergonomic}
    uintx NonNMethodCodeHeapSize                   = 5836300                                {pd product} {ergonomic}
    uintx NonProfiledCodeHeapSize                  = 122910970                              {pd product} {ergonomic}
    uintx ProfiledCodeHeapSize                     = 122910970                              {pd product} {ergonomic}
    uintx ReservedCodeCacheSize                    = 251658240                              {pd product} {ergonomic}
     bool SegmentedCodeCache                       = true                                      {product} {ergonomic}
     bool UseCompressedClassPointers               = true                                 {lp64_product} {ergonomic}
     bool UseCompressedOops                        = true                                 {lp64_product} {ergonomic}
     bool UseG1GC                                  = true                                      {product} {ergonomic}
     bool UseLargePagesIndividualAllocation        = false                                  {pd product} {ergonomic}

Logging:
Log output configuration:
 #0: stdout all=warning uptime,level,tags
 #1: stderr all=off uptime,level,tags

Environment Variables:
JAVA_HOME=C:\Program Files\Common Files\Oracle\Java\javapath_target_18795984\java.exe
PATH=C:\ti\ccs1250\ccs\ccs_base\common\bin;C:\ti\ccs1250\ccs\ccs_base\common\uscif;D:\matlab\bin\win64;C:\Program Files\OpenSSL-Win64\bin;C:\Program Files (x86)\qemu;C:\Users\KH\AppData\Local\Programs\Python\Python310\;C:\WinAVR-20100110\bin;C:\WinAVR-20100110\utils\bin;C:\MinGW\bin;C:\Program Files\Eclipse Adoptium\jdk-17.0.7.7-hotspot\bin;C:\Program Files\Common Files\Oracle\Java\javapath;C:\Program Files (x86)\Common Files\Oracle\Java\javapath;C:\ProgramData\Oracle\Java\javapath;C:\WINDOWS\system32;C:\WINDOWS;C:\WINDOWS\System32\Wbem;C:\WINDOWS\System32\WindowsPowerShell\v1.0\;C:\WINDOWS\System32\OpenSSH\;C:\Program Files\nodejs\;C:\Program Files\Cloudflare\Cloudflare WARP\;C:\Program Files\Git\cmd;C:\ARM_TOOLCHAIN\bin;C:\Program Files\Microchip\xc8\v2.36\bin;C:\Strawberry\c\bin;C:\Strawberry\perl\site\bin;C:\Strawberry\perl\bin;C:\Users\KH\AppData\Local\bin\NASM;C:\Users\KH\AppData\Local\Programs\Python\Python310\Scripts\;D:\matlab\runtime\win64;D:\matlab\bin;C:\Program Files\OpenSSL-Win64\bin;C:\Program Files (x86)\qemu;C:\Program Files (x86)\GNU Tools ARM Embedded\7 2017-q4-major\bin;C:\Program Files (x86)\Arm GNU Toolchain arm-none-eabi\12.2 mpacbti-rel1\bin;C:\MinGW\bin;C:\Users\KH\AppData\Local\Programs\Python\Python310\Scripts\;C:\Users\KH\AppData\Local\Programs\Python\Python310\;C:\Users\KH\AppData\Local\Microsoft\WindowsApps;C:\Users\KH\AppData\Local\GitHubDesktop\bin;C:\Users\KH\AppData\Roaming\npm;D:\modelsim_ase\win32aloem;C:\Users\KH\AppData\Local\Programs\Microsoft VS Code\bin;C:\Users\KH\AppData\Local\Programs\mongosh\
USERNAME=KH
OS=Windows_NT
PROCESSOR_IDENTIFIER=Intel64 Family 6 Model 158 Stepping 10, GenuineIntel



---------------  S Y S T E M  ---------------

OS: Windows 10 , 64 bit Build 22621 (10.0.22621.3235)
OS uptime: 8 days 16:05 hours
Hyper-V role detected

CPU:total 12 (initial active 12) (6 cores per cpu, 2 threads per core) family 6 model 158 stepping 10 microcode 0xde, cmov, cx8, fxsr, mmx, sse, sse2, sse3, ssse3, sse4.1, sse4.2, popcnt, avx, avx2, aes, clmul, erms, 3dnowpref, lzcnt, ht, tsc, tscinvbit, bmi1, bmi2, adx, fma

Memory: 4k page, system-wide physical 16303M (4621M free)
TotalPageFile size 16303M (AvailPageFile size 5M)
current process WorkingSet (physical memory assigned to process): 327M, peak: 327M
current process commit charge ("private bytes"): 376M, peak: 376M

vm_info: OpenJDK 64-Bit Server VM (11.0.13+8) for windows-amd64 JRE (11.0.13+8), built on Oct 19 2021 17:05:59 by "" with unknown MS VC++:1916

END.
